[INFO] Scanning for projects...
[INFO] 
[INFO] -------------------< com.example:WebTra_Springboot >--------------------
[INFO] Building WebTra_Springboot 0.0.1-SNAPSHOT
[INFO]   from pom.xml
[INFO] --------------------------------[ jar ]---------------------------------
[INFO] 
[INFO] --- clean:3.3.2:clean (default-clean) @ WebTra_Springboot ---
[INFO] Deleting E:\JavaSpring\WebTra_Springboot\target
[INFO] 
[INFO] --- resources:3.3.1:resources (default-resources) @ WebTra_Springboot ---
[INFO] Copying 1 resource from src\main\resources to target\classes
[INFO] Copying 23 resources from src\main\resources to target\classes
[INFO] 
[INFO] --- compiler:3.11.0:compile (default-compile) @ WebTra_Springboot ---
[INFO] Changes detected - recompiling the module! :source
[INFO] Compiling 3 source files with javac [debug release 17] to target\classes
[INFO] ------------------------------------------------------------------------
[INFO] BUILD SUCCESS
[INFO] ------------------------------------------------------------------------
[INFO] Total time:  2.358 s
[INFO] Finished at: 2026-03-15T22:11:51+07:00
[INFO] ------------------------------------------------------------------------
